This is XeTeX, Version 3.14159265-2.6-0.999991 (MiKTeX 2.9.6930 64-bit) (preloaded format=xelatex 2019.1.27)  27 FEB 2019 21:56
entering extended mode
**./Bachelorarbeit_E-Fughe.tex
(Bachelorarbeit_E-Fughe.tex
LaTeX2e <2018-12-01>
(ttlab-qualify.cls
Document Class: ttlab-qualify 02/06/2016, v1.0 LaTeX-Vorlage für Qualifikations
- und Hausarbeiten an der AG Texttechnologie

("C:\Users\Websiteshop\AppData\Local\Programs\MiKTeX 2.9\tex/latex/etoolbox\eto
olbox.sty"
Package: etoolbox 2018/08/19 v2.5f e-TeX tools for LaTeX (JAW)
\etb@tempcnta=\count80
)
("C:\Users\Websiteshop\AppData\Local\Programs\MiKTeX 2.9\tex/latex/koma-script\
scrreprt.cls"
Document Class: scrreprt 2018/12/30 v3.26a KOMA-Script document class (report)

("C:\Users\Websiteshop\AppData\Local\Programs\MiKTeX 2.9\tex/latex/koma-script\
scrkbase.sty"
Package: scrkbase 2018/12/30 v3.26a KOMA-Script package (KOMA-Script-dependent 
basics and keyval usage)

("C:\Users\Websiteshop\AppData\Local\Programs\MiKTeX 2.9\tex/latex/koma-script\
scrbase.sty"
Package: scrbase 2018/12/30 v3.26a KOMA-Script package (KOMA-Script-independent
 basics and keyval usage)

("C:\Users\Websiteshop\AppData\Local\Programs\MiKTeX 2.9\tex/latex/graphics\key
val.sty"
Package: keyval 2014/10/28 v1.15 key=value parser (DPC)
\KV@toks@=\toks14
)
("C:\Users\Websiteshop\AppData\Local\Programs\MiKTeX 2.9\tex/latex/koma-script\
scrlfile.sty"
Package: scrlfile 2018/12/30 v3.26a KOMA-Script package (loading files)
)))
("C:\Users\Websiteshop\AppData\Local\Programs\MiKTeX 2.9\tex/latex/koma-script\
tocbasic.sty"
Package: tocbasic 2018/12/30 v3.26a KOMA-Script package (handling toc-files)
\scr@dte@tocline@numberwidth=\skip41
\scr@dte@tocline@numbox=\box27
)
Package tocbasic Info: omitting babel extension for `toc'
(tocbasic)             because of feature `nobabel' available
(tocbasic)             for `toc' on input line 136.
Class scrreprt Info: File `scrsize12pt.clo' used to setup font sizes on input l
ine 2355.

("C:\Users\Websiteshop\AppData\Local\Programs\MiKTeX 2.9\tex/latex/koma-script\
scrsize12pt.clo"
File: scrsize12pt.clo 2018/12/30 v3.26a KOMA-Script font size class option (12p
t)
)
("C:\Users\Websiteshop\AppData\Local\Programs\MiKTeX 2.9\tex/latex/koma-script\
typearea.sty"
Package: typearea 2018/12/30 v3.26a KOMA-Script package (type area)
\ta@bcor=\skip42
\ta@div=\count81
\ta@hblk=\skip43
\ta@vblk=\skip44
\ta@temp=\skip45
\footheight=\skip46
Package typearea Info: These are the values describing the layout:
(typearea)             DIV  = 12
(typearea)             BCOR = 0.0pt
(typearea)             \paperwidth      = 597.50793pt
(typearea)              \textwidth      = 448.13095pt
(typearea)              DIV departure   = -6%
(typearea)              \evensidemargin = 2.4185pt
(typearea)              \oddsidemargin  = 2.4185pt
(typearea)             \paperheight     = 845.04694pt
(typearea)              \textheight     = 635.5pt
(typearea)              \topmargin      = -41.72441pt
(typearea)              \headheight     = 18.125pt
(typearea)              \headsep        = 21.75pt
(typearea)              \topskip        = 12.0pt
(typearea)              \footskip       = 50.75pt
(typearea)              \baselineskip   = 14.5pt
(typearea)              on input line 1714.
)
\c@part=\count82
\c@chapter=\count83
\c@section=\count84
\c@subsection=\count85
\c@subsubsection=\count86
\c@paragraph=\count87
\c@subparagraph=\count88
\scr@dte@chapter@maxnumwidth=\skip47
Class scrreprt Info: using compatibility default `afterindent=bysign'
(scrreprt)           for `\chapter on input line 5259.
\scr@dte@section@maxnumwidth=\skip48
Class scrreprt Info: using compatibility default `runin=bysign'
(scrreprt)           for `\section on input line 5269.
Class scrreprt Info: using compatibility default `afterindent=bysign'
(scrreprt)           for `\section on input line 5269.
\scr@dte@part@maxnumwidth=\skip49
Class scrreprt Info: using compatibility default `afterindent=true'
(scrreprt)           for `\part on input line 5278.
\scr@dte@subsection@maxnumwidth=\skip50
Class scrreprt Info: using compatibility default `runin=bysign'
(scrreprt)           for `\subsection on input line 5288.
Class scrreprt Info: using compatibility default `afterindent=bysign'
(scrreprt)           for `\subsection on input line 5288.
\scr@dte@subsubsection@maxnumwidth=\skip51
Class scrreprt Info: using compatibility default `runin=bysign'
(scrreprt)           for `\subsubsection on input line 5298.
Class scrreprt Info: using compatibility default `afterindent=bysign'
(scrreprt)           for `\subsubsection on input line 5298.
\scr@dte@paragraph@maxnumwidth=\skip52
Class scrreprt Info: using compatibility default `runin=bysign'
(scrreprt)           for `\paragraph on input line 5308.
Class scrreprt Info: using compatibility default `afterindent=bysign'
(scrreprt)           for `\paragraph on input line 5308.
\scr@dte@subparagraph@maxnumwidth=\skip53
Class scrreprt Info: using compatibility default `runin=bysign'
(scrreprt)           for `\subparagraph on input line 5318.
Class scrreprt Info: using compatibility default `afterindent=bysign'
(scrreprt)           for `\subparagraph on input line 5318.
\abovecaptionskip=\skip54
\belowcaptionskip=\skip55
\c@pti@nb@sid@b@x=\box28
Package tocbasic Info: omitting babel extension for `lof'
(tocbasic)             because of feature `nobabel' available
(tocbasic)             for `lof' on input line 6567.
\scr@dte@figure@maxnumwidth=\skip56
\c@figure=\count89
Package tocbasic Info: omitting babel extension for `lot'
(tocbasic)             because of feature `nobabel' available
(tocbasic)             for `lot' on input line 6584.
\scr@dte@table@maxnumwidth=\skip57
\c@table=\count90
Class scrreprt Info: Redefining `\numberline' on input line 6753.
\bibindent=\dimen102
)
("C:\Users\Websiteshop\AppData\Local\Programs\MiKTeX 2.9\tex/latex/xltxtra\xltx
tra.sty"
Package: xltxtra 2018/12/31 v0.7 Improvements for the "XeLaTeX" format

("C:\Users\Websiteshop\AppData\Local\Programs\MiKTeX 2.9\tex/generic/oberdiek\i
fluatex.sty"
Package: ifluatex 2016/05/16 v1.4 Provides the ifluatex switch (HO)
Package ifluatex Info: LuaTeX not detected.
)
("C:\Users\Websiteshop\AppData\Local\Programs\MiKTeX 2.9\tex/generic/ifxetex\if
xetex.sty"
Package: ifxetex 2010/09/12 v0.6 Provides ifxetex conditional
)
("C:\Users\Websiteshop\AppData\Local\Programs\MiKTeX 2.9\tex/latex/fontspec\fon
tspec.sty"
("C:\Users\Websiteshop\AppData\Local\Programs\MiKTeX 2.9\tex/latex/l3packages/x
parse\xparse.sty"
("C:\Users\Websiteshop\AppData\Local\Programs\MiKTeX 2.9\tex/latex/l3kernel\exp
l3.sty"
Package: expl3 2019-01-13 L3 programming layer (loader) 

("C:\Users\Websiteshop\AppData\Local\Programs\MiKTeX 2.9\tex/latex/l3kernel\exp
l3-code.tex"
Package: expl3 2019-01-13 L3 programming layer (code)
\c_max_int=\count91
\l_tmpa_int=\count92
\l_tmpb_int=\count93
\g_tmpa_int=\count94
\g_tmpb_int=\count95
\g__kernel_prg_map_int=\count96
\c_log_iow=\count97
\l_iow_line_count_int=\count98
\l__iow_line_target_int=\count99
\l__iow_one_indent_int=\count100
\l__iow_indent_int=\count101
\c_zero_dim=\dimen103
\c_max_dim=\dimen104
\l_tmpa_dim=\dimen105
\l_tmpb_dim=\dimen106
\g_tmpa_dim=\dimen107
\g_tmpb_dim=\dimen108
\c_zero_skip=\skip58
\c_max_skip=\skip59
\l_tmpa_skip=\skip60
\l_tmpb_skip=\skip61
\g_tmpa_skip=\skip62
\g_tmpb_skip=\skip63
\c_zero_muskip=\muskip10
\c_max_muskip=\muskip11
\l_tmpa_muskip=\muskip12
\l_tmpb_muskip=\muskip13
\g_tmpa_muskip=\muskip14
\g_tmpb_muskip=\muskip15
\l_keys_choice_int=\count102
\l__intarray_loop_int=\count103
\c__intarray_sp_dim=\dimen109
\g__intarray_font_int=\count104
\c__fp_leading_shift_int=\count105
\c__fp_middle_shift_int=\count106
\c__fp_trailing_shift_int=\count107
\c__fp_big_leading_shift_int=\count108
\c__fp_big_middle_shift_int=\count109
\c__fp_big_trailing_shift_int=\count110
\c__fp_Bigg_leading_shift_int=\count111
\c__fp_Bigg_middle_shift_int=\count112
\c__fp_Bigg_trailing_shift_int=\count113
\g__fp_array_int=\count114
\l__fp_array_loop_int=\count115
\l__sort_length_int=\count116
\l__sort_min_int=\count117
\l__sort_top_int=\count118
\l__sort_max_int=\count119
\l__sort_true_max_int=\count120
\l__sort_block_int=\count121
\l__sort_begin_int=\count122
\l__sort_end_int=\count123
\l__sort_A_int=\count124
\l__sort_B_int=\count125
\l__sort_C_int=\count126
\l__tl_analysis_normal_int=\count127
\l__tl_analysis_index_int=\count128
\l__tl_analysis_nesting_int=\count129
\l__tl_analysis_type_int=\count130
\l__regex_internal_a_int=\count131
\l__regex_internal_b_int=\count132
\l__regex_internal_c_int=\count133
\l__regex_balance_int=\count134
\l__regex_group_level_int=\count135
\l__regex_mode_int=\count136
\c__regex_cs_in_class_mode_int=\count137
\c__regex_cs_mode_int=\count138
\l__regex_catcodes_int=\count139
\l__regex_default_catcodes_int=\count140
\c__regex_catcode_L_int=\count141
\c__regex_catcode_O_int=\count142
\c__regex_catcode_A_int=\count143
\c__regex_all_catcodes_int=\count144
\l__regex_show_lines_int=\count145
\l__regex_min_state_int=\count146
\l__regex_max_state_int=\count147
\l__regex_left_state_int=\count148
\l__regex_right_state_int=\count149
\l__regex_capturing_group_int=\count150
\l__regex_min_pos_int=\count151
\l__regex_max_pos_int=\count152
\l__regex_curr_pos_int=\count153
\l__regex_start_pos_int=\count154
\l__regex_success_pos_int=\count155
\l__regex_curr_char_int=\count156
\l__regex_curr_catcode_int=\count157
\l__regex_last_char_int=\count158
\l__regex_case_changed_char_int=\count159
\l__regex_curr_state_int=\count160
\l__regex_step_int=\count161
\l__regex_min_active_int=\count162
\l__regex_max_active_int=\count163
\l__regex_replacement_csnames_int=\count164
\l__regex_match_count_int=\count165
\l__regex_min_submatch_int=\count166
\l__regex_submatch_int=\count167
\l__regex_zeroth_submatch_int=\count168
\g__regex_trace_regex_int=\count169
\c_empty_box=\box29
\l_tmpa_box=\box30
\l_tmpb_box=\box31
\g_tmpa_box=\box32
\g_tmpb_box=\box33
\l__box_top_dim=\dimen110
\l__box_bottom_dim=\dimen111
\l__box_left_dim=\dimen112
\l__box_right_dim=\dimen113
\l__box_top_new_dim=\dimen114
\l__box_bottom_new_dim=\dimen115
\l__box_left_new_dim=\dimen116
\l__box_right_new_dim=\dimen117
\l__box_internal_box=\box34
\l__coffin_internal_box=\box35
\l__coffin_internal_dim=\dimen118
\l__coffin_offset_x_dim=\dimen119
\l__coffin_offset_y_dim=\dimen120
\l__coffin_x_dim=\dimen121
\l__coffin_y_dim=\dimen122
\l__coffin_x_prime_dim=\dimen123
\l__coffin_y_prime_dim=\dimen124
\c_empty_coffin=\box36
\l__coffin_aligned_coffin=\box37
\l__coffin_aligned_internal_coffin=\box38
\l_tmpa_coffin=\box39
\l_tmpb_coffin=\box40
\l__coffin_display_coffin=\box41
\l__coffin_display_coord_coffin=\box42
\l__coffin_display_pole_coffin=\box43
\l__coffin_display_offset_dim=\dimen125
\l__coffin_display_x_dim=\dimen126
\l__coffin_display_y_dim=\dimen127
\g__file_internal_ior=\read1
\l__coffin_bounding_shift_dim=\dimen128
\l__coffin_left_corner_dim=\dimen129
\l__coffin_right_corner_dim=\dimen130
\l__coffin_bottom_corner_dim=\dimen131
\l__coffin_top_corner_dim=\dimen132
\l__coffin_scaled_total_height_dim=\dimen133
\l__coffin_scaled_width_dim=\dimen134
\l__seq_internal_a_int=\count170
\l__seq_internal_b_int=\count171
)
("C:\Users\Websiteshop\AppData\Local\Programs\MiKTeX 2.9\tex/latex/l3kernel\l3x
dvipdfmx.def"
File: l3xdvidpfmx.def 2019-01-13 v L3 Experimental driver: xdvipdfmx
\g__driver_image_int=\count172
\g__driver_pdf_object_int=\count173
))
Package: xparse 2018-10-17 L3 Experimental document command parser
\l__xparse_current_arg_int=\count174
\g__xparse_grabber_int=\count175
\l__xparse_m_args_int=\count176
\l__xparse_mandatory_args_int=\count177
\l__xparse_v_nesting_int=\count178
)
Package: fontspec 2019/01/25 v2.7a Font selection for XeLaTeX and LuaLaTeX

("C:\Users\Websiteshop\AppData\Local\Programs\MiKTeX 2.9\tex/latex/fontspec\fon
tspec-xetex.sty"
Package: fontspec-xetex 2019/01/25 v2.7a Font selection for XeLaTeX and LuaLaTe
X
\l__fontspec_script_int=\count179
\l__fontspec_language_int=\count180
\l__fontspec_strnum_int=\count181
\l__fontspec_tmp_int=\count182
\l__fontspec_tmpa_int=\count183
\l__fontspec_tmpb_int=\count184
\l__fontspec_tmpc_int=\count185
\l__fontspec_em_int=\count186
\l__fontspec_emdef_int=\count187
\l__fontspec_strong_int=\count188
\l__fontspec_strongdef_int=\count189
\l__fontspec_tmpa_dim=\dimen135
\l__fontspec_tmpb_dim=\dimen136
\l__fontspec_tmpc_dim=\dimen137

("C:\Users\Websiteshop\AppData\Local\Programs\MiKTeX 2.9\tex/latex/base\fontenc
.sty"
Package: fontenc 2018/08/11 v2.0j Standard LaTeX package

("C:\Users\Websiteshop\AppData\Local\Programs\MiKTeX 2.9\tex/latex/base\tuenc.d
ef"
File: tuenc.def 2018/08/11 v2.0j Standard LaTeX file
LaTeX Font Info:    Redeclaring font encoding TU on input line 82.
))
("C:\Users\Websiteshop\AppData\Local\Programs\MiKTeX 2.9\tex/latex/fontspec\fon
tspec.cfg")
LaTeX Info: Redefining \itshape on input line 4017.
LaTeX Info: Redefining \slshape on input line 4022.
LaTeX Info: Redefining \scshape on input line 4027.
LaTeX Info: Redefining \upshape on input line 4032.
LaTeX Info: Redefining \em on input line 4062.
LaTeX Info: Redefining \emph on input line 4087.
))
("C:\Users\Websiteshop\AppData\Local\Programs\MiKTeX 2.9\tex/latex/realscripts\
realscripts.sty"
Package: realscripts 2016/02/13 v0.3d Access OpenType subscripts and superscrip
ts
\subsupersep=\dimen138
)
("C:\Users\Websiteshop\AppData\Local\Programs\MiKTeX 2.9\tex/latex/metalogo\met
alogo.sty"
Package: metalogo 2010/05/29 v0.12 Extended TeX logo macros

("C:\Users\Websiteshop\AppData\Local\Programs\MiKTeX 2.9\tex/latex/graphics\gra
phicx.sty"
Package: graphicx 2017/06/01 v1.1a Enhanced LaTeX Graphics (DPC,SPQR)

("C:\Users\Websiteshop\AppData\Local\Programs\MiKTeX 2.9\tex/latex/graphics\gra
phics.sty"
Package: graphics 2017/06/25 v1.2c Standard LaTeX Graphics (DPC,SPQR)

("C:\Users\Websiteshop\AppData\Local\Programs\MiKTeX 2.9\tex/latex/graphics\tri
g.sty"
Package: trig 2016/01/03 v1.10 sin cos tan (DPC)
)
("C:\Users\Websiteshop\AppData\Local\Programs\MiKTeX 2.9\tex/latex/graphics-cfg
\graphics.cfg"
File: graphics.cfg 2016/06/04 v1.11 sample graphics configuration
)
Package graphics Info: Driver file: xetex.def on input line 99.

("C:\Users\Websiteshop\AppData\Local\Programs\MiKTeX 2.9\tex/latex/graphics-def
\xetex.def"
File: xetex.def 2017/06/24 v5.0h Graphics/color driver for xetex
))
\Gin@req@height=\dimen139
\Gin@req@width=\dimen140
)
\xl@everylogo=\toks15
\xl@@everylogo=\toks16
LaTeX Info: Redefining \TeX on input line 193.
LaTeX Info: Redefining \LaTeX on input line 202.
LaTeX Info: Redefining \LaTeXe on input line 219.
)
\l__xetex_show_hyphens_wrapping_box=\box44
\l__xetex_show_hyphens_temp_box=\box45
\l__xetex_show_hyphens_final_box=\box46
\g__xetex_show_hyphens_word_box=\box47
)

Package fontspec Info: Font family 'LinuxLibertineO(0)' created for font
(fontspec)             'Linux Libertine O' with options
(fontspec)             [Ligatures=TeX,Mapping=tex-text].
(fontspec)              
(fontspec)              This font family consists of the following NFSS
(fontspec)             series/shapes:
(fontspec)              
(fontspec)             - 'normal' (m/n) with NFSS spec.: <->"Linux Libertine
(fontspec)             O/OT:script=latn;language=DFLT;mapping=tex-text;"
(fontspec)             - 'small caps'  (m/sc) with NFSS spec.: <->"Linux
(fontspec)             Libertine
(fontspec)             O/OT:script=latn;language=DFLT;+smcp;mapping=tex-text;"
(fontspec)             - 'bold' (bx/n) with NFSS spec.: <->"Linux Libertine
(fontspec)             O/B/OT:script=latn;language=DFLT;mapping=tex-text;"
(fontspec)             - 'bold small caps'  (bx/sc) with NFSS spec.: <->"Linux
(fontspec)             Libertine
(fontspec)             O/B/OT:script=latn;language=DFLT;+smcp;mapping=tex-text;
"
(fontspec)             - 'italic' (m/it) with NFSS spec.: <->"Linux Libertine
(fontspec)             O/I/OT:script=latn;language=DFLT;mapping=tex-text;"
(fontspec)             - 'italic small caps'  (m/itsc) with NFSS spec.:
(fontspec)             <->"Linux Libertine
(fontspec)             O/I/OT:script=latn;language=DFLT;+smcp;mapping=tex-text;
"
(fontspec)             - 'bold italic' (bx/it) with NFSS spec.: <->"Linux
(fontspec)             Libertine
(fontspec)             O/BI/OT:script=latn;language=DFLT;mapping=tex-text;"
(fontspec)             - 'bold italic small caps'  (bx/itsc) with NFSS spec.: 

LaTeX Info: Redefining \rmfamily on input line 63.

Package fontspec Info: Font family 'LinuxBiolinumO(0)' created for font 'Linux
(fontspec)             Biolinum O' with options
(fontspec)             [Ligatures=TeX,Mapping=tex-text].
(fontspec)              
(fontspec)              This font family consists of the following NFSS
(fontspec)             series/shapes:
(fontspec)              
(fontspec)             - 'normal' (m/n) with NFSS spec.: <->"Linux Biolinum
(fontspec)             O/OT:script=latn;language=DFLT;mapping=tex-text;"
(fontspec)             - 'small caps'  (m/sc) with NFSS spec.: <->"Linux
(fontspec)             Biolinum
(fontspec)             O/OT:script=latn;language=DFLT;+smcp;mapping=tex-text;"
(fontspec)             - 'bold' (bx/n) with NFSS spec.: <->"Linux Biolinum
(fontspec)             O/B/OT:script=latn;language=DFLT;mapping=tex-text;"
(fontspec)             - 'bold small caps'  (bx/sc) with NFSS spec.: <->"Linux
(fontspec)             Biolinum
(fontspec)             O/B/OT:script=latn;language=DFLT;+smcp;mapping=tex-text;
"
(fontspec)             - 'italic' (m/it) with NFSS spec.: <->"Linux Biolinum
(fontspec)             O/I/OT:script=latn;language=DFLT;mapping=tex-text;"
(fontspec)             - 'italic small caps'  (m/itsc) with NFSS spec.:
(fontspec)             <->"Linux Biolinum
(fontspec)             O/I/OT:script=latn;language=DFLT;+smcp;mapping=tex-text;
"
(fontspec)             - 'bold italic' (bx/it) with NFSS spec.: <->"Linux
(fontspec)             Biolinum
(fontspec)             O/BI/OT:script=latn;language=DFLT;mapping=tex-text;"
(fontspec)             - 'bold italic small caps'  (bx/itsc) with NFSS spec.:
(fontspec)             <->"Linux Biolinum
(fontspec)             O/BI/OT:script=latn;language=DFLT;+smcp;mapping=tex-text
;"

LaTeX Info: Redefining \sffamily on input line 63.

Package fontspec Info: DejaVu Sans Mono scale = 0.7844563802083334.


Package fontspec Info: DejaVu Sans Mono scale = 0.7844563802083334.


Package fontspec Info: DejaVu Sans Mono/B scale = 0.7844563802083334.


Package fontspec Info: DejaVu Sans Mono/I scale = 0.7844563802083334.


Package fontspec Info: DejaVu Sans Mono/BI scale = 0.7844563802083334.


Package fontspec Info: Font family 'DejaVuSansMono(0)' created for font
(fontspec)             'DejaVu Sans Mono' with options
(fontspec)             [WordSpace={1,0,0},HyphenChar=None,PunctuationSpace=Word
Space,Scale=MatchLowercase].
(fontspec)              
(fontspec)              This font family consists of the following NFSS
(fontspec)             series/shapes:
(fontspec)              
(fontspec)             - 'normal' (m/n) with NFSS spec.:
(fontspec)             <->s*[0.7844563802083334]"DejaVu Sans
(fontspec)             Mono/OT:script=latn;language=DFLT;"
(fontspec)             - 'small caps'  (m/sc) with NFSS spec.: 
(fontspec)             and font adjustment code:
(fontspec)             \fontdimen 2\font =1\fontdimen 2\font \fontdimen 3\font
(fontspec)             =0\fontdimen 3\font \fontdimen 4\font =0\fontdimen
(fontspec)             4\font \fontdimen 7\font =0\fontdimen 2\font
(fontspec)             \tex_hyphenchar:D \font =-1\scan_stop: 
(fontspec)             - 'bold' (bx/n) with NFSS spec.:
(fontspec)             <->s*[0.7844563802083334]"DejaVu Sans
(fontspec)             Mono/B/OT:script=latn;language=DFLT;"
(fontspec)             - 'bold small caps'  (bx/sc) with NFSS spec.: 
(fontspec)             and font adjustment code:
(fontspec)             \fontdimen 2\font =1\fontdimen 2\font \fontdimen 3\font
(fontspec)             =0\fontdimen 3\font \fontdimen 4\font =0\fontdimen
(fontspec)             4\font \fontdimen 7\font =0\fontdimen 2\font
(fontspec)             \tex_hyphenchar:D \font =-1\scan_stop: 
(fontspec)             - 'italic' (m/it) with NFSS spec.:
(fontspec)             <->s*[0.7844563802083334]"DejaVu Sans
(fontspec)             Mono/I/OT:script=latn;language=DFLT;"
(fontspec)             - 'italic small caps'  (m/itsc) with NFSS spec.: 
(fontspec)             and font adjustment code:
(fontspec)             \fontdimen 2\font =1\fontdimen 2\font \fontdimen 3\font
(fontspec)             =0\fontdimen 3\font \fontdimen 4\font =0\fontdimen
(fontspec)             4\font \fontdimen 7\font =0\fontdimen 2\font
(fontspec)             \tex_hyphenchar:D \font =-1\scan_stop: 
(fontspec)             - 'bold italic' (bx/it) with NFSS spec.:
(fontspec)             <->s*[0.7844563802083334]"DejaVu Sans
(fontspec)             Mono/BI/OT:script=latn;language=DFLT;"
(fontspec)             - 'bold italic small caps'  (bx/itsc) with NFSS spec.: 
(fontspec)             and font adjustment code:
(fontspec)             \fontdimen 2\font =1\fontdimen 2\font \fontdimen 3\font
(fontspec)             =0\fontdimen 3\font \fontdimen 4\font =0\fontdimen
(fontspec)             4\font \fontdimen 7\font =0\fontdimen 2\font
(fontspec)             \tex_hyphenchar:D \font =-1\scan_stop: 

LaTeX Info: Redefining \ttfamily on input line 64.

("C:\Users\Websiteshop\AppData\Local\Programs\MiKTeX 2.9\tex/generic/babel\babe
l.sty"
Package: babel 2018/11/13 3.27 The Babel package

("C:\Users\Websiteshop\AppData\Local\Programs\MiKTeX 2.9\tex/generic/babel\swit
ch.def"
File: switch.def 2018/11/13 3.27 Babel switching mechanism
)
*************************************
* Local config file bblopts.cfg used
*

("C:\Users\Websiteshop\AppData\Local\Programs\MiKTeX 2.9\tex/latex/arabi\bblopt
s.cfg"
File: bblopts.cfg 2005/09/08 v0.1 add Arabic and Farsi to "declared" options of
 babel
)
("C:\Users\Websiteshop\AppData\Local\Programs\MiKTeX 2.9\tex/latex/babel-german
\ngerman.ldf"
Language: ngerman 2018/12/08 v2.11 German support for babel (post-1996 orthogra
phy)

("C:\Users\Websiteshop\AppData\Local\Programs\MiKTeX 2.9\tex/latex/babel-german
\ngermanb.ldf"
Language: ngermanb 2018/12/08 v2.11 German support for babel (post-1996 orthogr
aphy)

("C:\Users\Websiteshop\AppData\Local\Programs\MiKTeX 2.9\tex/generic/babel\babe
l.def"
File: babel.def 2018/11/13 3.27 Babel common definitions
\babel@savecnt=\count190
\U@D=\dimen141

("C:\Users\Websiteshop\AppData\Local\Programs\MiKTeX 2.9\tex/generic/babel\xeba
bel.def"
("C:\Users\Websiteshop\AppData\Local\Programs\MiKTeX 2.9\tex/generic/babel\txtb
abel.def"))
\bbl@dirlevel=\count191
)
Package babel Info: Making " an active character on input line 121.
)))
("C:\Users\Websiteshop\AppData\Local\Programs\MiKTeX 2.9\tex/latex/csquotes\csq
uotes.sty"
Package: csquotes 2018/04/13 v5.2d context-sensitive quotations (JAW)
\csq@reset=\count192
\csq@gtype=\count193
\csq@glevel=\count194
\csq@qlevel=\count195
\csq@maxlvl=\count196
\csq@tshold=\count197
\csq@ltx@everypar=\toks17

("C:\Users\Websiteshop\AppData\Local\Programs\MiKTeX 2.9\tex/latex/csquotes\csq
uotes.def"
File: csquotes.def 2018/04/13 v5.2d csquotes generic definitions (JAW)
)
Package csquotes Info: Trying to load configuration file 'csquotes.cfg'...
Package csquotes Info: ... configuration file loaded successfully.

("C:\Users\Websiteshop\AppData\Local\Programs\MiKTeX 2.9\tex/latex/csquotes\csq
uotes.cfg"
File: csquotes.cfg 
)
Package csquotes Info: Enabling multilingual quotes.
)
("C:\Users\Websiteshop\AppData\Local\Programs\MiKTeX 2.9\tex/latex/xcolor\xcolo
r.sty"
Package: xcolor 2016/05/11 v2.12 LaTeX color extensions (UK)

("C:\Users\Websiteshop\AppData\Local\Programs\MiKTeX 2.9\tex/latex/graphics-cfg
\color.cfg"
File: color.cfg 2016/01/02 v1.6 sample color configuration
)
Package xcolor Info: Driver file: xetex.def on input line 225.

("C:\Users\Websiteshop\AppData\Local\Programs\MiKTeX 2.9\tex/latex/colortbl\col
ortbl.sty"
Package: colortbl 2018/12/12 v1.0d Color table columns (DPC)

("C:\Users\Websiteshop\AppData\Local\Programs\MiKTeX 2.9\tex/latex/tools\array.
sty"
Package: array 2018/12/30 v2.4k Tabular extension package (FMi)
\col@sep=\dimen142
\ar@mcellbox=\box48
\extrarowheight=\dimen143
\NC@list=\toks18
\extratabsurround=\skip64
\backup@length=\skip65
\ar@cellbox=\box49
)
\everycr=\toks19
\minrowclearance=\skip66
)
\rownum=\count198
Package xcolor Info: Model `cmy' substituted by `cmy0' on input line 1348.
Package xcolor Info: Model `RGB' extended on input line 1364.
Package xcolor Info: Model `HTML' substituted by `rgb' on input line 1366.
Package xcolor Info: Model `Hsb' substituted by `hsb' on input line 1367.
Package xcolor Info: Model `tHsb' substituted by `hsb' on input line 1368.
Package xcolor Info: Model `HSB' substituted by `hsb' on input line 1369.
Package xcolor Info: Model `Gray' substituted by `gray' on input line 1370.
Package xcolor Info: Model `wave' substituted by `hsb' on input line 1371.
)
("C:\Users\Websiteshop\AppData\Local\Programs\MiKTeX 2.9\tex/latex/booktabs\boo
ktabs.sty"
Package: booktabs 2005/04/14 v1.61803 publication quality tables
\heavyrulewidth=\dimen144
\lightrulewidth=\dimen145
\cmidrulewidth=\dimen146
\belowrulesep=\dimen147
\belowbottomsep=\dimen148
\aboverulesep=\dimen149
\abovetopsep=\dimen150
\cmidrulesep=\dimen151
\cmidrulekern=\dimen152
\defaultaddspace=\dimen153
\@cmidla=\count199
\@cmidlb=\count266
\@aboverulesep=\dimen154
\@belowrulesep=\dimen155
\@thisruleclass=\count267
\@lastruleclass=\count268
\@thisrulewidth=\dimen156
)
("C:\Users\Websiteshop\AppData\Local\Programs\MiKTeX 2.9\tex/latex/mathtools\ma
thtools.sty"
Package: mathtools 2018/01/08 v1.21 mathematical typesetting tools

("C:\Users\Websiteshop\AppData\Local\Programs\MiKTeX 2.9\tex/latex/tools\calc.s
ty"
Package: calc 2017/05/25 v4.3 Infix arithmetic (KKT,FJ)
\calc@Acount=\count269
\calc@Bcount=\count270
\calc@Adimen=\dimen157
\calc@Bdimen=\dimen158
\calc@Askip=\skip67
\calc@Bskip=\skip68
LaTeX Info: Redefining \setlength on input line 80.
LaTeX Info: Redefining \addtolength on input line 81.
\calc@Ccount=\count271
\calc@Cskip=\skip69
)
("C:\Users\Websiteshop\AppData\Local\Programs\MiKTeX 2.9\tex/latex/mathtools\mh
setup.sty"
Package: mhsetup 2017/03/31 v1.3 programming setup (MH)
)
("C:\Users\Websiteshop\AppData\Local\Programs\MiKTeX 2.9\tex/latex/amsmath\amsm
ath.sty"
Package: amsmath 2018/12/01 v2.17b AMS math features
\@mathmargin=\skip70

For additional information on amsmath, use the `?' option.

("C:\Users\Websiteshop\AppData\Local\Programs\MiKTeX 2.9\tex/latex/amsmath\amst
ext.sty"
Package: amstext 2000/06/29 v2.01 AMS text

("C:\Users\Websiteshop\AppData\Local\Programs\MiKTeX 2.9\tex/latex/amsmath\amsg
en.sty"
File: amsgen.sty 1999/11/30 v2.0 generic functions
\@emptytoks=\toks20
\ex@=\dimen159
))
("C:\Users\Websiteshop\AppData\Local\Programs\MiKTeX 2.9\tex/latex/amsmath\amsb
sy.sty"
Package: amsbsy 1999/11/29 v1.2d Bold Symbols
\pmbraise@=\dimen160
)
("C:\Users\Websiteshop\AppData\Local\Programs\MiKTeX 2.9\tex/latex/amsmath\amso
pn.sty"
Package: amsopn 2016/03/08 v2.02 operator names
)
\inf@bad=\count272
LaTeX Info: Redefining \frac on input line 223.
\uproot@=\count273
\leftroot@=\count274
LaTeX Info: Redefining \overline on input line 385.
\classnum@=\count275
\DOTSCASE@=\count276
LaTeX Info: Redefining \ldots on input line 482.
LaTeX Info: Redefining \dots on input line 485.
LaTeX Info: Redefining \cdots on input line 606.
\Mathstrutbox@=\box50
\strutbox@=\box51
\big@size=\dimen161
LaTeX Font Info:    Redeclaring font encoding OML on input line 729.
LaTeX Font Info:    Redeclaring font encoding OMS on input line 730.
\macc@depth=\count277
\c@MaxMatrixCols=\count278
\dotsspace@=\muskip16
\c@parentequation=\count279
\dspbrk@lvl=\count280
\tag@help=\toks21
\row@=\count281
\column@=\count282
\maxfields@=\count283
\andhelp@=\toks22
\eqnshift@=\dimen162
\alignsep@=\dimen163
\tagshift@=\dimen164
\tagwidth@=\dimen165
\totwidth@=\dimen166
\lineht@=\dimen167
\@envbody=\toks23
\multlinegap=\skip71
\multlinetaggap=\skip72
\mathdisplay@stack=\toks24
LaTeX Info: Redefining \[ on input line 2844.
LaTeX Info: Redefining \] on input line 2845.
)
LaTeX Info: Thecontrolsequence`\('isalreadyrobust on input line 129.
LaTeX Info: Thecontrolsequence`\)'isalreadyrobust on input line 129.
LaTeX Info: Thecontrolsequence`\['isalreadyrobust on input line 129.
LaTeX Info: Thecontrolsequence`\]'isalreadyrobust on input line 129.
\g_MT_multlinerow_int=\count284
\l_MT_multwidth_dim=\dimen168
\origjot=\skip73
\l_MT_shortvdotswithinadjustabove_dim=\dimen169
\l_MT_shortvdotswithinadjustbelow_dim=\dimen170
\l_MT_above_intertext_sep=\dimen171
\l_MT_below_intertext_sep=\dimen172
\l_MT_above_shortintertext_sep=\dimen173
\l_MT_below_shortintertext_sep=\dimen174
)
("C:\Users\Websiteshop\AppData\Local\Programs\MiKTeX 2.9\tex/latex/amsfonts\ams
symb.sty"
Package: amssymb 2013/01/14 v3.01 AMS font symbols

("C:\Users\Websiteshop\AppData\Local\Programs\MiKTeX 2.9\tex/latex/amsfonts\ams
fonts.sty"
Package: amsfonts 2013/01/14 v3.01 Basic AMSFonts support
\symAMSa=\mathgroup4
\symAMSb=\mathgroup5
LaTeX Font Info:    Overwriting math alphabet `\mathfrak' in version `bold'
(Font)                  U/euf/m/n --> U/euf/b/n on input line 106.
))
("C:\Users\Websiteshop\AppData\Local\Programs\MiKTeX 2.9\tex/latex/biblatex\bib
latex.sty"
Package: biblatex 2018/11/02 v3.12 programmable bibliographies (PK/MW)

("C:\Users\Websiteshop\AppData\Local\Programs\MiKTeX 2.9\tex/generic/oberdiek\p
dftexcmds.sty"
Package: pdftexcmds 2018/09/10 v0.29 Utility functions of pdfTeX for LuaTeX (HO
)

("C:\Users\Websiteshop\AppData\Local\Programs\MiKTeX 2.9\tex/generic/oberdiek\i
nfwarerr.sty"
Package: infwarerr 2016/05/16 v1.4 Providing info/warning/error messages (HO)
)
("C:\Users\Websiteshop\AppData\Local\Programs\MiKTeX 2.9\tex/generic/oberdiek\l
txcmds.sty"
Package: ltxcmds 2016/05/16 v1.23 LaTeX kernel commands for general use (HO)
)
("C:\Users\Websiteshop\AppData\Local\Programs\MiKTeX 2.9\tex/generic/oberdiek\i
fpdf.sty"
Package: ifpdf 2018/09/07 v3.3 Provides the ifpdf switch
)
Package pdftexcmds Info: LuaTeX not detected.
Package pdftexcmds Info: pdfTeX >= 1.30 not detected.
Package pdftexcmds Info: \pdf@primitive is available.
Package pdftexcmds Info: \pdf@ifprimitive is available.
Package pdftexcmds Info: \pdfdraftmode not found.
)
("C:\Users\Websiteshop\AppData\Local\Programs\MiKTeX 2.9\tex/latex/oberdiek\kvo
ptions.sty"
Package: kvoptions 2016/05/16 v3.12 Key value format for package options (HO)

("C:\Users\Websiteshop\AppData\Local\Programs\MiKTeX 2.9\tex/generic/oberdiek\k
vsetkeys.sty"
Package: kvsetkeys 2016/05/16 v1.17 Key value parser (HO)

("C:\Users\Websiteshop\AppData\Local\Programs\MiKTeX 2.9\tex/generic/oberdiek\e
texcmds.sty"
Package: etexcmds 2016/05/16 v1.6 Avoid name clashes with e-TeX commands (HO)
)))
("C:\Users\Websiteshop\AppData\Local\Programs\MiKTeX 2.9\tex/latex/logreq\logre
q.sty"
Package: logreq 2010/08/04 v1.0 xml request logger
\lrq@indent=\count285

("C:\Users\Websiteshop\AppData\Local\Programs\MiKTeX 2.9\tex/latex/logreq\logre
q.def"
File: logreq.def 2010/08/04 v1.0 logreq spec v1.0
))
("C:\Users\Websiteshop\AppData\Local\Programs\MiKTeX 2.9\tex/latex/base\ifthen.
sty"
Package: ifthen 2014/09/29 v1.1c Standard LaTeX ifthen package (DPC)
)
("C:\Users\Websiteshop\AppData\Local\Programs\MiKTeX 2.9\tex/latex/url\url.sty"
\Urlmuskip=\muskip17
Package: url 2013/09/16  ver 3.4  Verb mode for urls, etc.
)
\c@tabx@nest=\count286
\c@listtotal=\count287
\c@listcount=\count288
\c@liststart=\count289
\c@liststop=\count290
\c@citecount=\count291
\c@citetotal=\count292
\c@multicitecount=\count293
\c@multicitetotal=\count294
\c@instcount=\count295
\c@maxnames=\count296
\c@minnames=\count297
\c@maxitems=\count298
\c@minitems=\count299
\c@citecounter=\count300
\c@maxcitecounter=\count301
\c@savedcitecounter=\count302
\c@uniquelist=\count303
\c@uniquename=\count304
\c@refsection=\count305
\c@refsegment=\count306
\c@maxextratitle=\count307
\c@maxextratitleyear=\count308
\c@maxextraname=\count309
\c@maxextradate=\count310
\c@maxextraalpha=\count311
\c@abbrvpenalty=\count312
\c@highnamepenalty=\count313
\c@lownamepenalty=\count314
\c@maxparens=\count315
\c@parenlevel=\count316
\blx@tempcnta=\count317
\blx@tempcntb=\count318
\blx@tempcntc=\count319
\blx@maxsection=\count320
\blx@maxsegment@0=\count321
\blx@notetype=\count322
\blx@parenlevel@text=\count323
\blx@parenlevel@foot=\count324
\blx@sectionciteorder@0=\count325
\blx@entrysetcounter=\count326
\labelnumberwidth=\skip74
\labelalphawidth=\skip75
\biblabelsep=\skip76
\bibitemsep=\skip77
\bibnamesep=\skip78
\bibinitsep=\skip79
\bibparsep=\skip80
\bibhang=\skip81
\blx@bcfin=\read2
\blx@bcfout=\write3
\c@mincomprange=\count327
\c@maxcomprange=\count328
\c@mincompwidth=\count329
Package biblatex Info: Trying to load biblatex default data model...
Package biblatex Info: ... file 'blx-dm.def' found.

("C:\Users\Websiteshop\AppData\Local\Programs\MiKTeX 2.9\tex/latex/biblatex\blx
-dm.def"
File: blx-dm.def 2018/11/02 v3.12 biblatex localization (PK/MW)
)
Package biblatex Info: Trying to load biblatex style data model...
Package biblatex Info: ... file 'numeric.dbx' not found.
Package biblatex Info: Trying to load biblatex custom data model...
Package biblatex Info: ... file 'biblatex-dm.cfg' not found.
\c@afterword=\count330
\c@savedafterword=\count331
\c@annotator=\count332
\c@savedannotator=\count333
\c@author=\count334
\c@savedauthor=\count335
\c@bookauthor=\count336
\c@savedbookauthor=\count337
\c@commentator=\count338
\c@savedcommentator=\count339
\c@editor=\count340
\c@savededitor=\count341
\c@editora=\count342
\c@savededitora=\count343
\c@editorb=\count344
\c@savededitorb=\count345
\c@editorc=\count346
\c@savededitorc=\count347
\c@foreword=\count348
\c@savedforeword=\count349
\c@holder=\count350
\c@savedholder=\count351
\c@introduction=\count352
\c@savedintroduction=\count353
\c@namea=\count354
\c@savednamea=\count355
\c@nameb=\count356
\c@savednameb=\count357
\c@namec=\count358
\c@savednamec=\count359
\c@translator=\count360
\c@savedtranslator=\count361
\c@shortauthor=\count362
\c@savedshortauthor=\count363
\c@shorteditor=\count364
\c@savedshorteditor=\count365
\c@labelname=\count366
\c@savedlabelname=\count367
\c@institution=\count368
\c@savedinstitution=\count369
\c@lista=\count370
\c@savedlista=\count371
\c@listb=\count372
\c@savedlistb=\count373
\c@listc=\count374
\c@savedlistc=\count375
\c@listd=\count376
\c@savedlistd=\count377
\c@liste=\count378
\c@savedliste=\count379
\c@listf=\count380
\c@savedlistf=\count381
\c@location=\count382
\c@savedlocation=\count383
\c@organization=\count384
\c@savedorganization=\count385
\c@origlocation=\count386
\c@savedoriglocation=\count387
\c@origpublisher=\count388
\c@savedorigpublisher=\count389
\c@publisher=\count390
\c@savedpublisher=\count391
\c@language=\count392
\c@savedlanguage=\count393
\c@origlanguage=\count394
\c@savedoriglanguage=\count395
\c@pageref=\count396
\c@savedpageref=\count397
\shorthandwidth=\skip82
\shortjournalwidth=\skip83
\shortserieswidth=\skip84
\shorttitlewidth=\skip85
\shortauthorwidth=\skip86
\shorteditorwidth=\skip87
\locallabelnumberwidth=\skip88
\locallabelalphawidth=\skip89
\localshorthandwidth=\skip90
\localshortjournalwidth=\skip91
\localshortserieswidth=\skip92
\localshorttitlewidth=\skip93
\localshortauthorwidth=\skip94
\localshorteditorwidth=\skip95
Package biblatex Info: Trying to load enhanced support for Unicode engines...
Package biblatex Info: ... file 'blx-unicode.def' found.

("C:\Users\Websiteshop\AppData\Local\Programs\MiKTeX 2.9\tex/latex/biblatex\blx
-unicode.def")
Package biblatex Info: Trying to load compatibility code...
Package biblatex Info: ... file 'blx-compat.def' found.

("C:\Users\Websiteshop\AppData\Local\Programs\MiKTeX 2.9\tex/latex/biblatex\blx
-compat.def"
File: blx-compat.def 2018/11/02 v3.12 biblatex compatibility (PK/MW)
)
Package biblatex Info: Trying to load generic definitions...
Package biblatex Info: ... file 'biblatex.def' found.

("C:\Users\Websiteshop\AppData\Local\Programs\MiKTeX 2.9\tex/latex/biblatex\bib
latex.def"
File: biblatex.def 2018/11/02 v3.12 biblatex compatibility (PK/MW)
\c@textcitecount=\count398
\c@textcitetotal=\count399
\c@textcitemaxnames=\count400
\c@biburlnumpenalty=\count401
\c@biburlucpenalty=\count402
\c@biburllcpenalty=\count403
\c@smartand=\count404
)
Package biblatex Info: Trying to load bibliography style 'numeric'...
Package biblatex Info: ... file 'numeric.bbx' found.

("C:\Users\Websiteshop\AppData\Local\Programs\MiKTeX 2.9\tex/latex/biblatex/bbx
\numeric.bbx"
File: numeric.bbx 2018/11/02 v3.12 biblatex bibliography style (PK/MW)
Package biblatex Info: Trying to load bibliography style 'standard'...
Package biblatex Info: ... file 'standard.bbx' found.

("C:\Users\Websiteshop\AppData\Local\Programs\MiKTeX 2.9\tex/latex/biblatex/bbx
\standard.bbx"
File: standard.bbx 2018/11/02 v3.12 biblatex bibliography style (PK/MW)
\c@bbx:relatedcount=\count405
\c@bbx:relatedtotal=\count406
))
Package biblatex Info: Trying to load citation style 'numeric'...
Package biblatex Info: ... file 'numeric.cbx' found.

("C:\Users\Websiteshop\AppData\Local\Programs\MiKTeX 2.9\tex/latex/biblatex/cbx
\numeric.cbx"
File: numeric.cbx 2018/11/02 v3.12 biblatex citation style (PK/MW)
Package biblatex Info: Redefining '\cite'.
Package biblatex Info: Redefining '\parencite'.
Package biblatex Info: Redefining '\footcite'.
Package biblatex Info: Redefining '\footcitetext'.
Package biblatex Info: Redefining '\smartcite'.
Package biblatex Info: Redefining '\supercite'.
Package biblatex Info: Redefining '\textcite'.
Package biblatex Info: Redefining '\textcites'.
Package biblatex Info: Redefining '\cites'.
Package biblatex Info: Redefining '\parencites'.
Package biblatex Info: Redefining '\smartcites'.
)
Package biblatex Info: Trying to load configuration file...
Package biblatex Info: ... file 'biblatex.cfg' found.

("C:\Users\Websiteshop\AppData\Local\Programs\MiKTeX 2.9\tex/latex/biblatex\bib
latex.cfg"
File: biblatex.cfg 
)))
("C:\Users\Websiteshop\AppData\Local\Programs\MiKTeX 2.9\tex/latex/multirow\mul
tirow.sty"
Package: multirow 2019/01/01 v2.4 Span multiple rows of a table
\multirow@colwidth=\skip96
\multirow@cntb=\count407
\multirow@dima=\skip97
\bigstrutjot=\dimen175
)
("C:\Users\Websiteshop\AppData\Local\Programs\MiKTeX 2.9\tex/latex/listing\list
ing.sty"
Package: listing 1999/05/25

Package `listing', V1.2, <1999/05/25>
\c@listing=\count408
)
("C:\Users\Websiteshop\AppData\Local\Programs\MiKTeX 2.9\tex/latex/lstbayes\lst
bayes.sty"
Package: lstbayes 2018/07/06 lstbayes listings language drivers for BUGS, JAGS,
 and Stan

("C:\Users\Websiteshop\AppData\Local\Programs\MiKTeX 2.9\tex/latex/listings\lis
tings.sty"
\lst@mode=\count409
\lst@gtempboxa=\box52
\lst@token=\toks25
\lst@length=\count410
\lst@currlwidth=\dimen176
\lst@column=\count411
\lst@pos=\count412
\lst@lostspace=\dimen177
\lst@width=\dimen178
\lst@newlines=\count413
\lst@lineno=\count414
\lst@maxwidth=\dimen179

("C:\Users\Websiteshop\AppData\Local\Programs\MiKTeX 2.9\tex/latex/listings\lst
misc.sty"
File: lstmisc.sty 2018/09/02 1.7 (Carsten Heinz)
\c@lstnumber=\count415
\lst@skipnumbers=\count416
\lst@framebox=\box53
)
("C:\Users\Websiteshop\AppData\Local\Programs\MiKTeX 2.9\tex/latex/listings\lis
tings.cfg"
File: listings.cfg 2018/09/02 1.7 listings configuration
))
Package: listings 2018/09/02 1.7 (Carsten Heinz)
)
("C:\Users\Websiteshop\AppData\Local\Programs\MiKTeX 2.9\tex/latex/pgf/frontend
layer\tikz.sty"
("C:\Users\Websiteshop\AppData\Local\Programs\MiKTeX 2.9\tex/latex/pgf/basiclay
er\pgf.sty"
("C:\Users\Websiteshop\AppData\Local\Programs\MiKTeX 2.9\tex/latex/pgf/utilitie
s\pgfrcs.sty"
("C:\Users\Websiteshop\AppData\Local\Programs\MiKTeX 2.9\tex/generic/pgf/utilit
ies\pgfutil-common.tex"
\pgfutil@everybye=\toks26
\pgfutil@tempdima=\dimen180
\pgfutil@tempdimb=\dimen181

("C:\Users\Websiteshop\AppData\Local\Programs\MiKTeX 2.9\tex/generic/pgf/utilit
ies\pgfutil-common-lists.tex"))
("C:\Users\Websiteshop\AppData\Local\Programs\MiKTeX 2.9\tex/generic/pgf/utilit
ies\pgfutil-latex.def"
\pgfutil@abb=\box54

("C:\Users\Websiteshop\AppData\Local\Programs\MiKTeX 2.9\tex/latex/ms\everyshi.
sty"
Package: everyshi 2001/05/15 v3.00 EveryShipout Package (MS)
))
("C:\Users\Websiteshop\AppData\Local\Programs\MiKTeX 2.9\tex/generic/pgf/utilit
ies\pgfrcs.code.tex"
("C:\Users\Websiteshop\AppData\Local\Programs\MiKTeX 2.9\tex/generic/pgf\pgf.re
vision.tex")
Package: pgfrcs 2019/01/05 v3.1 (3.1)
))
Package: pgf 2019/01/05 v3.1 (3.1)

("C:\Users\Websiteshop\AppData\Local\Programs\MiKTeX 2.9\tex/latex/pgf/basiclay
er\pgfcore.sty"
("C:\Users\Websiteshop\AppData\Local\Programs\MiKTeX 2.9\tex/latex/pgf/systemla
yer\pgfsys.sty"
("C:\Users\Websiteshop\AppData\Local\Programs\MiKTeX 2.9\tex/generic/pgf/system
layer\pgfsys.code.tex"
Package: pgfsys 2019/01/05 v3.1 (3.1)

("C:\Users\Websiteshop\AppData\Local\Programs\MiKTeX 2.9\tex/generic/pgf/utilit
ies\pgfkeys.code.tex"
\pgfkeys@pathtoks=\toks27
\pgfkeys@temptoks=\toks28

("C:\Users\Websiteshop\AppData\Local\Programs\MiKTeX 2.9\tex/generic/pgf/utilit
ies\pgfkeysfiltered.code.tex"
\pgfkeys@tmptoks=\toks29
))
\pgf@x=\dimen182
\pgf@y=\dimen183
\pgf@xa=\dimen184
\pgf@ya=\dimen185
\pgf@xb=\dimen186
\pgf@yb=\dimen187
\pgf@xc=\dimen188
\pgf@yc=\dimen189
\w@pgf@writea=\write4
\r@pgf@reada=\read3
\c@pgf@counta=\count417
\c@pgf@countb=\count418
\c@pgf@countc=\count419
\c@pgf@countd=\count420
\t@pgf@toka=\toks30
\t@pgf@tokb=\toks31
\t@pgf@tokc=\toks32
\pgf@sys@id@count=\count421

("C:\Users\Websiteshop\AppData\Local\Programs\MiKTeX 2.9\tex/generic/pgf/system
layer\pgf.cfg"
File: pgf.cfg 2019/01/05 v3.1 (3.1)
)
Driver file for pgf: pgfsys-xetex.def

("C:\Users\Websiteshop\AppData\Local\Programs\MiKTeX 2.9\tex/generic/pgf/system
layer\pgfsys-xetex.def"
File: pgfsys-xetex.def 2019/01/05 v3.1 (3.1)

("C:\Users\Websiteshop\AppData\Local\Programs\MiKTeX 2.9\tex/generic/pgf/system
layer\pgfsys-dvipdfmx.def"
File: pgfsys-dvipdfmx.def 2019/01/05 v3.1 (3.1)

("C:\Users\Websiteshop\AppData\Local\Programs\MiKTeX 2.9\tex/generic/pgf/system
layer\pgfsys-common-pdf.def"
File: pgfsys-common-pdf.def 2019/01/05 v3.1 (3.1)
)
\pgfsys@objnum=\count422
)))
("C:\Users\Websiteshop\AppData\Local\Programs\MiKTeX 2.9\tex/generic/pgf/system
layer\pgfsyssoftpath.code.tex"
File: pgfsyssoftpath.code.tex 2019/01/05 v3.1 (3.1)
\pgfsyssoftpath@smallbuffer@items=\count423
\pgfsyssoftpath@bigbuffer@items=\count424
)
("C:\Users\Websiteshop\AppData\Local\Programs\MiKTeX 2.9\tex/generic/pgf/system
layer\pgfsysprotocol.code.tex"
File: pgfsysprotocol.code.tex 2019/01/05 v3.1 (3.1)
))
("C:\Users\Websiteshop\AppData\Local\Programs\MiKTeX 2.9\tex/generic/pgf/basicl
ayer\pgfcore.code.tex"
Package: pgfcore 2019/01/05 v3.1 (3.1)

("C:\Users\Websiteshop\AppData\Local\Programs\MiKTeX 2.9\tex/generic/pgf/math\p
gfmath.code.tex"
("C:\Users\Websiteshop\AppData\Local\Programs\MiKTeX 2.9\tex/generic/pgf/math\p
gfmathcalc.code.tex"
("C:\Users\Websiteshop\AppData\Local\Programs\MiKTeX 2.9\tex/generic/pgf/math\p
gfmathutil.code.tex")
("C:\Users\Websiteshop\AppData\Local\Programs\MiKTeX 2.9\tex/generic/pgf/math\p
gfmathparser.code.tex"
\pgfmath@dimen=\dimen190
\pgfmath@count=\count425
\pgfmath@box=\box55
\pgfmath@toks=\toks33
\pgfmath@stack@operand=\toks34
\pgfmath@stack@operation=\toks35
)
("C:\Users\Websiteshop\AppData\Local\Programs\MiKTeX 2.9\tex/generic/pgf/math\p
gfmathfunctions.code.tex"
("C:\Users\Websiteshop\AppData\Local\Programs\MiKTeX 2.9\tex/generic/pgf/math\p
gfmathfunctions.basic.code.tex")
("C:\Users\Websiteshop\AppData\Local\Programs\MiKTeX 2.9\tex/generic/pgf/math\p
gfmathfunctions.trigonometric.code.tex")
("C:\Users\Websiteshop\AppData\Local\Programs\MiKTeX 2.9\tex/generic/pgf/math\p
gfmathfunctions.random.code.tex")
("C:\Users\Websiteshop\AppData\Local\Programs\MiKTeX 2.9\tex/generic/pgf/math\p
gfmathfunctions.comparison.code.tex")
("C:\Users\Websiteshop\AppData\Local\Programs\MiKTeX 2.9\tex/generic/pgf/math\p
gfmathfunctions.base.code.tex")
("C:\Users\Websiteshop\AppData\Local\Programs\MiKTeX 2.9\tex/generic/pgf/math\p
gfmathfunctions.round.code.tex")
("C:\Users\Websiteshop\AppData\Local\Programs\MiKTeX 2.9\tex/generic/pgf/math\p
gfmathfunctions.misc.code.tex")
("C:\Users\Websiteshop\AppData\Local\Programs\MiKTeX 2.9\tex/generic/pgf/math\p
gfmathfunctions.integerarithmetics.code.tex")))
("C:\Users\Websiteshop\AppData\Local\Programs\MiKTeX 2.9\tex/generic/pgf/math\p
gfmathfloat.code.tex"
\c@pgfmathroundto@lastzeros=\count426
))
("C:\Users\Websiteshop\AppData\Local\Programs\MiKTeX 2.9\tex/generic/pgf/basicl
ayer\pgfcorepoints.code.tex"
File: pgfcorepoints.code.tex 2019/01/05 v3.1 (3.1)
\pgf@picminx=\dimen191
\pgf@picmaxx=\dimen192
\pgf@picminy=\dimen193
\pgf@picmaxy=\dimen194
\pgf@pathminx=\dimen195
\pgf@pathmaxx=\dimen196
\pgf@pathminy=\dimen197
\pgf@pathmaxy=\dimen198
\pgf@xx=\dimen199
\pgf@xy=\dimen256
\pgf@yx=\dimen257
\pgf@yy=\dimen258
\pgf@zx=\dimen259
\pgf@zy=\dimen260
)
("C:\Users\Websiteshop\AppData\Local\Programs\MiKTeX 2.9\tex/generic/pgf/basicl
ayer\pgfcorepathconstruct.code.tex"
File: pgfcorepathconstruct.code.tex 2019/01/05 v3.1 (3.1)
\pgf@path@lastx=\dimen261
\pgf@path@lasty=\dimen262
)
("C:\Users\Websiteshop\AppData\Local\Programs\MiKTeX 2.9\tex/generic/pgf/basicl
ayer\pgfcorepathusage.code.tex"
File: pgfcorepathusage.code.tex 2019/01/05 v3.1 (3.1)
\pgf@shorten@end@additional=\dimen263
\pgf@shorten@start@additional=\dimen264
)
("C:\Users\Websiteshop\AppData\Local\Programs\MiKTeX 2.9\tex/generic/pgf/basicl
ayer\pgfcorescopes.code.tex"
File: pgfcorescopes.code.tex 2019/01/05 v3.1 (3.1)
\pgfpic=\box56
\pgf@hbox=\box57
\pgf@layerbox@main=\box58
\pgf@picture@serial@count=\count427
)
("C:\Users\Websiteshop\AppData\Local\Programs\MiKTeX 2.9\tex/generic/pgf/basicl
ayer\pgfcoregraphicstate.code.tex"
File: pgfcoregraphicstate.code.tex 2019/01/05 v3.1 (3.1)
\pgflinewidth=\dimen265
)
("C:\Users\Websiteshop\AppData\Local\Programs\MiKTeX 2.9\tex/generic/pgf/basicl
ayer\pgfcoretransformations.code.tex"
File: pgfcoretransformations.code.tex 2019/01/05 v3.1 (3.1)
\pgf@pt@x=\dimen266
\pgf@pt@y=\dimen267
\pgf@pt@temp=\dimen268
)
("C:\Users\Websiteshop\AppData\Local\Programs\MiKTeX 2.9\tex/generic/pgf/basicl
ayer\pgfcorequick.code.tex"
File: pgfcorequick.code.tex 2019/01/05 v3.1 (3.1)
)
("C:\Users\Websiteshop\AppData\Local\Programs\MiKTeX 2.9\tex/generic/pgf/basicl
ayer\pgfcoreobjects.code.tex"
File: pgfcoreobjects.code.tex 2019/01/05 v3.1 (3.1)
)
("C:\Users\Websiteshop\AppData\Local\Programs\MiKTeX 2.9\tex/generic/pgf/basicl
ayer\pgfcorepathprocessing.code.tex"
File: pgfcorepathprocessing.code.tex 2019/01/05 v3.1 (3.1)
)
("C:\Users\Websiteshop\AppData\Local\Programs\MiKTeX 2.9\tex/generic/pgf/basicl
ayer\pgfcorearrows.code.tex"
File: pgfcorearrows.code.tex 2019/01/05 v3.1 (3.1)
\pgfarrowsep=\dimen269
)
("C:\Users\Websiteshop\AppData\Local\Programs\MiKTeX 2.9\tex/generic/pgf/basicl
ayer\pgfcoreshade.code.tex"
File: pgfcoreshade.code.tex 2019/01/05 v3.1 (3.1)
\pgf@max=\dimen270
\pgf@sys@shading@range@num=\count428
)
("C:\Users\Websiteshop\AppData\Local\Programs\MiKTeX 2.9\tex/generic/pgf/basicl
ayer\pgfcoreimage.code.tex"
File: pgfcoreimage.code.tex 2019/01/05 v3.1 (3.1)

("C:\Users\Websiteshop\AppData\Local\Programs\MiKTeX 2.9\tex/generic/pgf/basicl
ayer\pgfcoreexternal.code.tex"
File: pgfcoreexternal.code.tex 2019/01/05 v3.1 (3.1)
\pgfexternal@startupbox=\box59
))
("C:\Users\Websiteshop\AppData\Local\Programs\MiKTeX 2.9\tex/generic/pgf/basicl
ayer\pgfcorelayers.code.tex"
File: pgfcorelayers.code.tex 2019/01/05 v3.1 (3.1)
)
("C:\Users\Websiteshop\AppData\Local\Programs\MiKTeX 2.9\tex/generic/pgf/basicl
ayer\pgfcoretransparency.code.tex"
File: pgfcoretransparency.code.tex 2019/01/05 v3.1 (3.1)
)
("C:\Users\Websiteshop\AppData\Local\Programs\MiKTeX 2.9\tex/generic/pgf/basicl
ayer\pgfcorepatterns.code.tex"
File: pgfcorepatterns.code.tex 2019/01/05 v3.1 (3.1)
)
("C:\Users\Websiteshop\AppData\Local\Programs\MiKTeX 2.9\tex/generic/pgf/basicl
ayer\pgfcorerdf.code.tex"
File: pgfcorerdf.code.tex 2019/01/05 v3.1 (3.1)
)))
("C:\Users\Websiteshop\AppData\Local\Programs\MiKTeX 2.9\tex/generic/pgf/module
s\pgfmoduleshapes.code.tex"
File: pgfmoduleshapes.code.tex 2019/01/05 v3.1 (3.1)
\pgfnodeparttextbox=\box60
)
("C:\Users\Websiteshop\AppData\Local\Programs\MiKTeX 2.9\tex/generic/pgf/module
s\pgfmoduleplot.code.tex"
File: pgfmoduleplot.code.tex 2019/01/05 v3.1 (3.1)
)
("C:\Users\Websiteshop\AppData\Local\Programs\MiKTeX 2.9\tex/latex/pgf/compatib
ility\pgfcomp-version-0-65.sty"
Package: pgfcomp-version-0-65 2019/01/05 v3.1 (3.1)
\pgf@nodesepstart=\dimen271
\pgf@nodesepend=\dimen272
)
("C:\Users\Websiteshop\AppData\Local\Programs\MiKTeX 2.9\tex/latex/pgf/compatib
ility\pgfcomp-version-1-18.sty"
Package: pgfcomp-version-1-18 2019/01/05 v3.1 (3.1)
))
("C:\Users\Websiteshop\AppData\Local\Programs\MiKTeX 2.9\tex/latex/pgf/utilitie
s\pgffor.sty"
("C:\Users\Websiteshop\AppData\Local\Programs\MiKTeX 2.9\tex/latex/pgf/utilitie
s\pgfkeys.sty"
("C:\Users\Websiteshop\AppData\Local\Programs\MiKTeX 2.9\tex/generic/pgf/utilit
ies\pgfkeys.code.tex"))
("C:\Users\Websiteshop\AppData\Local\Programs\MiKTeX 2.9\tex/latex/pgf/math\pgf
math.sty"
("C:\Users\Websiteshop\AppData\Local\Programs\MiKTeX 2.9\tex/generic/pgf/math\p
gfmath.code.tex"))
("C:\Users\Websiteshop\AppData\Local\Programs\MiKTeX 2.9\tex/generic/pgf/utilit
ies\pgffor.code.tex"
Package: pgffor 2019/01/05 v3.1 (3.1)

("C:\Users\Websiteshop\AppData\Local\Programs\MiKTeX 2.9\tex/generic/pgf/math\p
gfmath.code.tex")
\pgffor@iter=\dimen273
\pgffor@skip=\dimen274
\pgffor@stack=\toks36
\pgffor@toks=\toks37
))
("C:\Users\Websiteshop\AppData\Local\Programs\MiKTeX 2.9\tex/generic/pgf/fronte
ndlayer/tikz\tikz.code.tex"
Package: tikz 2019/01/05 v3.1 (3.1)

("C:\Users\Websiteshop\AppData\Local\Programs\MiKTeX 2.9\tex/generic/pgf/librar
ies\pgflibraryplothandlers.code.tex"
File: pgflibraryplothandlers.code.tex 2019/01/05 v3.1 (3.1)
\pgf@plot@mark@count=\count429
\pgfplotmarksize=\dimen275
)
\tikz@lastx=\dimen276
\tikz@lasty=\dimen277
\tikz@lastxsaved=\dimen278
\tikz@lastysaved=\dimen279
\tikzleveldistance=\dimen280
\tikzsiblingdistance=\dimen281
\tikz@figbox=\box61
\tikz@figbox@bg=\box62
\tikz@tempbox=\box63
\tikz@tempbox@bg=\box64
\tikztreelevel=\count430
\tikznumberofchildren=\count431
\tikznumberofcurrentchild=\count432
\tikz@fig@count=\count433

("C:\Users\Websiteshop\AppData\Local\Programs\MiKTeX 2.9\tex/generic/pgf/module
s\pgfmodulematrix.code.tex"
File: pgfmodulematrix.code.tex 2019/01/05 v3.1 (3.1)
\pgfmatrixcurrentrow=\count434
\pgfmatrixcurrentcolumn=\count435
\pgf@matrix@numberofcolumns=\count436
)
\tikz@expandcount=\count437

("C:\Users\Websiteshop\AppData\Local\Programs\MiKTeX 2.9\tex/generic/pgf/fronte
ndlayer/tikz/libraries\tikzlibrarytopaths.code.tex"
File: tikzlibrarytopaths.code.tex 2019/01/05 v3.1 (3.1)
)))
("C:\Users\Websiteshop\AppData\Local\Programs\MiKTeX 2.9\tex/latex/subfigure\su
bfigure.sty"
Package: subfigure 2002/07/30 v2.1.4 subfigure package
\subfigtopskip=\skip98
\subfigcapskip=\skip99
\subfigcaptopadj=\dimen282
\subfigbottomskip=\skip100
\subfigcapmargin=\dimen283
\subfiglabelskip=\skip101
\c@subfigure=\count438
\c@lofdepth=\count439
\c@subtable=\count440
\c@lotdepth=\count441

****************************************
* Local config file subfigure.cfg used *
****************************************

("C:\Users\Websiteshop\AppData\Local\Programs\MiKTeX 2.9\tex/latex/subfigure\su
bfigure.cfg")
\subfig@top=\skip102
\subfig@bottom=\skip103
)
("C:\Users\Websiteshop\AppData\Local\Programs\MiKTeX 2.9\tex/latex/float\float.
sty"
Package: float 2001/11/08 v1.3d Float enhancements (AL)
\c@float@type=\count442
\float@exts=\toks38
\float@box=\box65
\@float@everytoks=\toks39
\@floatcapt=\box66
)
("C:\Users\Websiteshop\AppData\Local\Programs\MiKTeX 2.9\tex/latex/hyperref\hyp
erref.sty"
Package: hyperref 2018/11/30 v6.88e Hypertext links for LaTeX

("C:\Users\Websiteshop\AppData\Local\Programs\MiKTeX 2.9\tex/generic/oberdiek\h
obsub-hyperref.sty"
Package: hobsub-hyperref 2016/05/16 v1.14 Bundle oberdiek, subset hyperref (HO)


("C:\Users\Websiteshop\AppData\Local\Programs\MiKTeX 2.9\tex/generic/oberdiek\h
obsub-generic.sty"
Package: hobsub-generic 2016/05/16 v1.14 Bundle oberdiek, subset generic (HO)
Package: hobsub 2016/05/16 v1.14 Construct package bundles (HO)
Package hobsub Info: Skipping package `infwarerr' (already loaded).
Package hobsub Info: Skipping package `ltxcmds' (already loaded).
Package hobsub Info: Skipping package `ifluatex' (already loaded).
Package: ifvtex 2016/05/16 v1.6 Detect VTeX and its facilities (HO)
Package ifvtex Info: VTeX not detected.
Package: intcalc 2016/05/16 v1.2 Expandable calculations with integers (HO)
Package hobsub Info: Skipping package `ifpdf' (already loaded).
Package hobsub Info: Skipping package `etexcmds' (already loaded).
Package hobsub Info: Skipping package `kvsetkeys' (already loaded).
Package: kvdefinekeys 2016/05/16 v1.4 Define keys (HO)
Package hobsub Info: Skipping package `pdftexcmds' (already loaded).
Package: pdfescape 2016/05/16 v1.14 Implements pdfTeX's escape features (HO)
Package: bigintcalc 2016/05/16 v1.4 Expandable calculations on big integers (HO
)
Package: bitset 2016/05/16 v1.2 Handle bit-vector datatype (HO)
Package: uniquecounter 2016/05/16 v1.3 Provide unlimited unique counter (HO)
)
Package hobsub Info: Skipping package `hobsub' (already loaded).
Package: letltxmacro 2016/05/16 v1.5 Let assignment for LaTeX macros (HO)
Package: hopatch 2016/05/16 v1.3 Wrapper for package hooks (HO)
Package: xcolor-patch 2016/05/16 xcolor patch
Package: atveryend 2016/05/16 v1.9 Hooks at the very end of document (HO)
Package: atbegshi 2016/06/09 v1.18 At begin shipout hook (HO)
Package: refcount 2016/05/16 v3.5 Data extraction from label references (HO)
Package: hycolor 2016/05/16 v1.8 Color options for hyperref/bookmark (HO)
)
("C:\Users\Websiteshop\AppData\Local\Programs\MiKTeX 2.9\tex/latex/oberdiek\aux
hook.sty"
Package: auxhook 2016/05/16 v1.4 Hooks for auxiliary files (HO)
)
\@linkdim=\dimen284
\Hy@linkcounter=\count443
\Hy@pagecounter=\count444

("C:\Users\Websiteshop\AppData\Local\Programs\MiKTeX 2.9\tex/latex/hyperref\pd1
enc.def"
File: pd1enc.def 2018/11/30 v6.88e Hyperref: PDFDocEncoding definition (HO)
)
\Hy@SavedSpaceFactor=\count445

("C:\Users\Websiteshop\AppData\Local\Programs\MiKTeX 2.9\tex/latex/00miktex\hyp
erref.cfg"
File: hyperref.cfg 2002/06/06 v1.2 hyperref configuration of TeXLive
)
Package hyperref Info: Option `colorlinks' set `false' on input line 4393.
Package hyperref Info: Option `pdfpagelabels' set `true' on input line 4393.
Package hyperref Info: Option `bookmarksopen' set `true' on input line 4393.
Package hyperref Info: Option `bookmarksnumbered' set `true' on input line 4393
.
Package hyperref Info: Option `plainpages' set `false' on input line 4393.
Package hyperref Info: Option `hypertexnames' set `true' on input line 4393.
Package hyperref Info: Hyper figures OFF on input line 4519.
Package hyperref Info: Link nesting OFF on input line 4524.
Package hyperref Info: Hyper index ON on input line 4527.
Package hyperref Info: Plain pages OFF on input line 4534.
Package hyperref Info: Backreferencing OFF on input line 4539.
Package hyperref Info: Implicit mode ON; LaTeX internals redefined.
Package hyperref Info: Bookmarks ON on input line 4772.
\c@Hy@tempcnt=\count446
LaTeX Info: Redefining \url on input line 5125.
\XeTeXLinkMargin=\dimen285
\Fld@menulength=\count447
\Field@Width=\dimen286
\Fld@charsize=\dimen287
Package hyperref Info: Hyper figures OFF on input line 6380.
Package hyperref Info: Link nesting OFF on input line 6385.
Package hyperref Info: Hyper index ON on input line 6388.
Package hyperref Info: backreferencing OFF on input line 6395.
Package hyperref Info: Link coloring OFF on input line 6400.
Package hyperref Info: Link coloring with OCG OFF on input line 6405.
Package hyperref Info: PDF/A mode OFF on input line 6410.
LaTeX Info: Redefining \ref on input line 6450.
LaTeX Info: Redefining \pageref on input line 6454.
\Hy@abspage=\count448
\c@Item=\count449
\c@Hfootnote=\count450
)
Package hyperref Info: Driver (autodetected): hxetex.

("C:\Users\Websiteshop\AppData\Local\Programs\MiKTeX 2.9\tex/latex/hyperref\hxe
tex.def"
File: hxetex.def 2018/11/30 v6.88e Hyperref driver for XeTeX

("C:\Users\Websiteshop\AppData\Local\Programs\MiKTeX 2.9\tex/latex/hyperref\pue
nc.def"
File: puenc.def 2018/11/30 v6.88e Hyperref: PDF Unicode definition (HO)
)
("C:\Users\Websiteshop\AppData\Local\Programs\MiKTeX 2.9\tex/generic/oberdiek\s
tringenc.sty"
Package: stringenc 2016/05/16 v1.11 Convert strings between diff. encodings (HO
)
)
\pdfm@box=\box67
\c@Hy@AnnotLevel=\count451
\HyField@AnnotCount=\count452
\Fld@listcount=\count453
\c@bookmark@seq@number=\count454

("C:\Users\Websiteshop\AppData\Local\Programs\MiKTeX 2.9\tex/latex/oberdiek\rer
unfilecheck.sty"
Package: rerunfilecheck 2016/05/16 v1.8 Rerun checks for auxiliary files (HO)
Package uniquecounter Info: New unique counter `rerunfilecheck' on input line 2
82.
)
\Hy@SectionHShift=\skip104
)
Package csquotes Info: Checking for multilingual support...
Package csquotes Info: ... found 'babel' package.
Package biblatex Info: Trying to load language 'ngerman'...
Package biblatex Info: ... file 'ngerman.lbx' found.

("C:\Users\Websiteshop\AppData\Local\Programs\MiKTeX 2.9\tex/latex/biblatex/lbx
\ngerman.lbx"
File: ngerman.lbx 2018/11/02 v3.12 biblatex localization (PK/MW)
Package biblatex Info: Trying to load language 'german'...
Package biblatex Info: ... file 'german.lbx' found.

("C:\Users\Websiteshop\AppData\Local\Programs\MiKTeX 2.9\tex/latex/biblatex/lbx
\german.lbx"
File: german.lbx 2018/11/02 v3.12 biblatex localization (PK/MW)
)
Package biblatex Info: Trying to load language 'german'...
Package biblatex Info: ... file 'german.lbx' found.

("C:\Users\Websiteshop\AppData\Local\Programs\MiKTeX 2.9\tex/latex/biblatex/lbx
\german.lbx"
File: german.lbx 2018/11/02 v3.12 biblatex localization (PK/MW)
))

LaTeX Warning: Unused global option(s):
    [pagesize=auto,paper=a4].

(Bachelorarbeit_E-Fughe.aux)
\openout1 = `Bachelorarbeit_E-Fughe.aux'.

LaTeX Font Info:    Checking defaults for OML/cmm/m/it on input line 113.
LaTeX Font Info:    ... okay on input line 113.
LaTeX Font Info:    Checking defaults for T1/cmr/m/n on input line 113.
LaTeX Font Info:    ... okay on input line 113.
LaTeX Font Info:    Checking defaults for OT1/cmr/m/n on input line 113.
LaTeX Font Info:    ... okay on input line 113.
LaTeX Font Info:    Checking defaults for OMS/cmsy/m/n on input line 113.
LaTeX Font Info:    ... okay on input line 113.
LaTeX Font Info:    Checking defaults for TU/lmr/m/n on input line 113.
LaTeX Font Info:    ... okay on input line 113.
LaTeX Font Info:    Checking defaults for OMX/cmex/m/n on input line 113.
LaTeX Font Info:    ... okay on input line 113.
LaTeX Font Info:    Checking defaults for U/cmr/m/n on input line 113.
LaTeX Font Info:    ... okay on input line 113.
LaTeX Font Info:    Checking defaults for PD1/pdf/m/n on input line 113.
LaTeX Font Info:    ... okay on input line 113.
LaTeX Font Info:    Checking defaults for PU/pdf/m/n on input line 113.
LaTeX Font Info:    ... okay on input line 113.

Package fontspec Info: Adjusting the maths setup (use [no-math] to avoid
(fontspec)             this).

\symlegacymaths=\mathgroup6
LaTeX Font Info:    Overwriting symbol font `legacymaths' in version `bold'
(Font)                  OT1/cmr/m/n --> OT1/cmr/bx/n on input line 113.
LaTeX Font Info:    Redeclaring math accent \acute on input line 113.
LaTeX Font Info:    Redeclaring math accent \grave on input line 113.
LaTeX Font Info:    Redeclaring math accent \ddot on input line 113.
LaTeX Font Info:    Redeclaring math accent \tilde on input line 113.
LaTeX Font Info:    Redeclaring math accent \bar on input line 113.
LaTeX Font Info:    Redeclaring math accent \breve on input line 113.
LaTeX Font Info:    Redeclaring math accent \check on input line 113.
LaTeX Font Info:    Redeclaring math accent \hat on input line 113.
LaTeX Font Info:    Redeclaring math accent \dot on input line 113.
LaTeX Font Info:    Redeclaring math accent \mathring on input line 113.
LaTeX Font Info:    Redeclaring math symbol \Gamma on input line 113.
LaTeX Font Info:    Redeclaring math symbol \Delta on input line 113.
LaTeX Font Info:    Redeclaring math symbol \Theta on input line 113.
LaTeX Font Info:    Redeclaring math symbol \Lambda on input line 113.
LaTeX Font Info:    Redeclaring math symbol \Xi on input line 113.
LaTeX Font Info:    Redeclaring math symbol \Pi on input line 113.
LaTeX Font Info:    Redeclaring math symbol \Sigma on input line 113.
LaTeX Font Info:    Redeclaring math symbol \Upsilon on input line 113.
LaTeX Font Info:    Redeclaring math symbol \Phi on input line 113.
LaTeX Font Info:    Redeclaring math symbol \Psi on input line 113.
LaTeX Font Info:    Redeclaring math symbol \Omega on input line 113.
LaTeX Font Info:    Redeclaring math symbol \mathdollar on input line 113.
LaTeX Font Info:    Redeclaring symbol font `operators' on input line 113.
LaTeX Font Info:    Encoding `OT1' has changed to `TU' for symbol font
(Font)              `operators' in the math version `normal' on input line 113.

LaTeX Font Info:    Overwriting symbol font `operators' in version `normal'
(Font)                  OT1/cmr/m/n --> TU/LinuxLibertineO(0)/m/n on input line
 113.
LaTeX Font Info:    Encoding `OT1' has changed to `TU' for symbol font
(Font)              `operators' in the math version `bold' on input line 113.
LaTeX Font Info:    Overwriting symbol font `operators' in version `bold'
(Font)                  OT1/cmr/bx/n --> TU/LinuxLibertineO(0)/m/n on input lin
e 113.
LaTeX Font Info:    Overwriting symbol font `operators' in version `normal'
(Font)                  TU/LinuxLibertineO(0)/m/n --> TU/LinuxLibertineO(0)/m/n
 on input line 113.
LaTeX Font Info:    Overwriting math alphabet `\mathit' in version `normal'
(Font)                  OT1/cmr/m/it --> TU/LinuxLibertineO(0)/m/it on input li
ne 113.
LaTeX Font Info:    Overwriting math alphabet `\mathbf' in version `normal'
(Font)                  OT1/cmr/bx/n --> TU/LinuxLibertineO(0)/bx/n on input li
ne 113.
LaTeX Font Info:    Overwriting math alphabet `\mathsf' in version `normal'
(Font)                  OT1/cmss/m/n --> TU/LinuxBiolinumO(0)/m/n on input line
 113.
LaTeX Font Info:    Overwriting math alphabet `\mathtt' in version `normal'
(Font)                  OT1/cmtt/m/n --> TU/DejaVuSansMono(0)/m/n on input line
 113.
LaTeX Font Info:    Overwriting symbol font `operators' in version `bold'
(Font)                  TU/LinuxLibertineO(0)/m/n --> TU/LinuxLibertineO(0)/bx/
n on input line 113.
LaTeX Font Info:    Overwriting math alphabet `\mathit' in version `bold'
(Font)                  OT1/cmr/bx/it --> TU/LinuxLibertineO(0)/bx/it on input 
line 113.
LaTeX Font Info:    Overwriting math alphabet `\mathsf' in version `bold'
(Font)                  OT1/cmss/bx/n --> TU/LinuxBiolinumO(0)/bx/n on input li
ne 113.
LaTeX Font Info:    Overwriting math alphabet `\mathtt' in version `bold'
(Font)                  OT1/cmtt/m/n --> TU/DejaVuSansMono(0)/bx/n on input lin
e 113.
Package biblatex Info: XeTeX detected.
(biblatex)             Assuming input encoding 'utf8'.
Package biblatex Info: Automatic encoding selection.
(biblatex)             Assuming data encoding 'utf8'.
\openout3 = `Bachelorarbeit_E-Fughe.bcf'.

Package biblatex Info: Trying to load bibliographic data...
Package biblatex Info: ... file 'Bachelorarbeit_E-Fughe.bbl' found.
 (Bachelorarbeit_E-Fughe.bbl)
Package biblatex Info: Reference section=0 on input line 113.
Package biblatex Info: Reference segment=0 on input line 113.
\c@lstlisting=\count455

ABD: EveryShipout initializing macros
\AtBeginShipoutBox=\box68
Package hyperref Info: Link coloring OFF on input line 113.

("C:\Users\Websiteshop\AppData\Local\Programs\MiKTeX 2.9\tex/latex/hyperref\nam
eref.sty"
Package: nameref 2016/05/21 v2.44 Cross-referencing by name of section

("C:\Users\Websiteshop\AppData\Local\Programs\MiKTeX 2.9\tex/generic/oberdiek\g
ettitlestring.sty"
Package: gettitlestring 2016/05/16 v1.5 Cleanup title references (HO)
)
\c@section@level=\count456
)
LaTeX Info: Redefining \ref on input line 113.
LaTeX Info: Redefining \pageref on input line 113.
LaTeX Info: Redefining \nameref on input line 113.
 (Bachelorarbeit_E-Fughe.out) (Bachelorarbeit_E-Fughe.out)
\@outlinefile=\write5
\openout5 = `Bachelorarbeit_E-Fughe.out'.

Class scrreprt Info: loading recommended package `bookmark'.
(scrreprt)           Using `bookmark' together with `hyperref' is recommended,
(scrreprt)           because of handling of possible bookmark level gaps.
(scrreprt)           You can avoid loading `bookmark' with KOMA-Script option
(scrreprt)           `bookmarkpackage=false' before \begin{document} and
(scrreprt)           you can avoid this message with `\usepackage{bookmark}'
(scrreprt)           before \begin{document} on input line 113.

("C:\Users\Websiteshop\AppData\Local\Programs\MiKTeX 2.9\tex/latex/oberdiek\boo
kmark.sty"
Package: bookmark 2016/05/17 v1.26 PDF bookmarks (HO)

("C:\Users\Websiteshop\AppData\Local\Programs\MiKTeX 2.9\tex/latex/oberdiek\bkm
-dvipdfm.def"
File: bkm-dvipdfm.def 2016/05/17 v1.26 bookmark driver for dvipdfm (HO)
\BKM@id=\count457
))
LaTeX Font Info:    Try loading font information for U+msa on input line 131.

("C:\Users\Websiteshop\AppData\Local\Programs\MiKTeX 2.9\tex/latex/amsfonts\ums
a.fd"
File: umsa.fd 2013/01/14 v3.01 AMS symbols A
)
LaTeX Font Info:    Try loading font information for U+msb on input line 131.

("C:\Users\Websiteshop\AppData\Local\Programs\MiKTeX 2.9\tex/latex/amsfonts\ums
b.fd"
File: umsb.fd 2013/01/14 v3.01 AMS symbols B
)
("C:\Users\Websiteshop\AppData\Local\Programs\MiKTeX 2.9\tex/generic/oberdiek\s
e-ascii-print.def"
File: se-ascii-print.def 2016/05/16 v1.11 stringenc: Printable ASCII characters

) [1



] [2

] (Bachelorarbeit_E-Fughe.toc)
\tf@toc=\write6
\openout6 = `Bachelorarbeit_E-Fughe.toc'.

 [3

]
(Bachelorarbeit_E-Fughe.lof)
\tf@lof=\write7
\openout7 = `Bachelorarbeit_E-Fughe.lof'.

 [4

]
chapter 1.

Class scrreprt Warning: \float@addtolists detected!
(scrreprt)              Implementation of \float@addtolist became
(scrreprt)              deprecated in KOMA-Script v3.01 2008/11/14 and
(scrreprt)              has been replaced by several more flexible
(scrreprt)              features of package `tocbasic`.
(scrreprt)              Since Version 3.12 support for deprecated
(scrreprt)              \float@addtolist interface has been
(scrreprt)              restricted to only some of the KOMA-Script
(scrreprt)              features and been removed from others.
(scrreprt)              Loading of package `scrhack' may help to
(scrreprt)              avoid this warning, if you are using a
(scrreprt)              a package that still implements the
(scrreprt)              deprecated \float@addtolist interface .

[5

]
chapter 2.

Overfull \hbox (3.53539pt too wide) in paragraph at lines 154--157
\TU/LinuxLibertineO(0)/m/n/12 Datensatz $\OML/cmm/m/it/12 p\OT1/cmr/m/n/12 (\OM
L/cmm/m/it/12 x\OMS/cmsy/m/n/12 j\OML/cmm/m/it/12 ^^R\OT1/cmr/m/n/12 )$ \TU/Lin
uxLibertineO(0)/m/n/12 berechnet werden. Mit Hilfe des Satzes von Bayes kann da
nn die a-posteriori-
 []

[6

]
Underfull \hbox (badness 10000) in paragraph at lines 168--169

 []

File: images/markov-chain-plain-betancourt-2017.png Graphic file (type bmp)
<images/markov-chain-plain-betancourt-2017.png>
File: images/markov-chain-target-betancourt-2017.png Graphic file (type bmp)
<images/markov-chain-target-betancourt-2017.png>
[7]

Package fontspec Info: Font family 'LinuxLibertineO(1)' created for font
(fontspec)             'Linux Libertine O' with options
(fontspec)             [Ligatures=TeX,Mapping=tex-text,VerticalPosition=Superio
r].
(fontspec)              
(fontspec)              This font family consists of the following NFSS
(fontspec)             series/shapes:
(fontspec)              
(fontspec)             - 'normal' (m/n) with NFSS spec.: <->"Linux Libertine
(fontspec)             O/OT:script=latn;language=DFLT;+sups;mapping=tex-text;"
(fontspec)             - 'small caps'  (m/sc) with NFSS spec.: <->"Linux
(fontspec)             Libertine
(fontspec)             O/OT:script=latn;language=DFLT;+sups;+smcp;mapping=tex-t
ext;"
(fontspec)             - 'bold' (bx/n) with NFSS spec.: <->"Linux Libertine
(fontspec)             O/B/OT:script=latn;language=DFLT;+sups;mapping=tex-text;
"
(fontspec)             - 'bold small caps'  (bx/sc) with NFSS spec.: <->"Linux
(fontspec)             Libertine
(fontspec)             O/B/OT:script=latn;language=DFLT;+sups;+smcp;mapping=tex
-text;"
(fontspec)             - 'italic' (m/it) with NFSS spec.: <->"Linux Libertine
(fontspec)             O/I/OT:script=latn;language=DFLT;+sups;mapping=tex-text;
"
(fontspec)             - 'italic small caps'  (m/itsc) with NFSS spec.:
(fontspec)             <->"Linux Libertine
(fontspec)             O/I/OT:script=latn;language=DFLT;+sups;+smcp;mapping=tex
-text;"
(fontspec)             - 'bold italic' (bx/it) with NFSS spec.: <->"Linux
(fontspec)             Libertine
(fontspec)             O/BI/OT:script=latn;language=DFLT;+sups;mapping=tex-text
;"
(fontspec)             - 'bold italic small caps'  (bx/itsc) with NFSS spec.: 

File: images/markov-chain-curve-betancourt-2017.png Graphic file (type bmp)
<images/markov-chain-curve-betancourt-2017.png>
 [8]
Underfull \hbox (badness 10000) in paragraph at lines 219--223

 []

[9]
Underfull \hbox (badness 10000) in paragraph at lines 231--233

 []


Underfull \hbox (badness 10000) in paragraph at lines 234--235

 []

File: images/vector-field-plain-betancourt-2017.png Graphic file (type bmp)
<images/vector-field-plain-betancourt-2017.png>

Underfull \hbox (badness 10000) in paragraph at lines 244--245

 []

[10]
File: images/vector-field-grad-betancourt-2017.png Graphic file (type bmp)
<images/vector-field-grad-betancourt-2017.png>

Underfull \hbox (badness 10000) in paragraph at lines 256--258

 []


Underfull \hbox (badness 10000) in paragraph at lines 259--261

 []

[11]
File: images/vector-field-sat-betancourt-2017.png Graphic file (type bmp)
<images/vector-field-sat-betancourt-2017.png>

Underfull \hbox (badness 10000) in paragraph at lines 270--271

 []

[12]
Underfull \hbox (badness 10000) in paragraph at lines 288--290

 []


Underfull \hbox (badness 10000) in paragraph at lines 295--297

 []


Underfull \hbox (badness 10000) in paragraph at lines 298--299

 []

LaTeX Font Info:    Font shape `TU/DejaVuSansMono(0)/m/n' will be
(Font)              scaled to size 9.41345pt on input line 300.

Underfull \hbox (badness 10000) in paragraph at lines 300--302

 []


Underfull \hbox (badness 10000) in paragraph at lines 303--305

 []

[13]
("C:\Users\Websiteshop\AppData\Local\Programs\MiKTeX 2.9\tex/latex/listings\lst
lang1.sty"
File: lstlang1.sty 2018/09/02 1.7 listings language file
)
("C:\Users\Websiteshop\AppData\Local\Programs\MiKTeX 2.9\tex/latex/listings\lst
lang1.sty"
File: lstlang1.sty 2018/09/02 1.7 listings language file
)
("C:\Users\Websiteshop\AppData\Local\Programs\MiKTeX 2.9\tex/latex/listings\lst
misc.sty"
File: lstmisc.sty 2018/09/02 1.7 (Carsten Heinz)
)
LaTeX Font Info:    Font shape `TU/DejaVuSansMono(0)/m/n' will be
(Font)              scaled to size 7.84454pt on input line 308.

Underfull \hbox (badness 10000) in paragraph at lines 322--323

 []

[14]
Underfull \hbox (badness 10000) in paragraph at lines 364--366

 []

[15] [16]
chapter 3.
File: images/heteroscedasticity-own-ref.jpeg Graphic file (type bmp)
<images/heteroscedasticity-own-ref.jpeg>

LaTeX Warning: `h' float specifier changed to `ht'.

[17

] [18] [19]
Underfull \hbox (badness 10000) in paragraph at lines 521--521
  [][][]\TU/LinuxLibertineO(0)/bx/n/10 Fundamental-Trader \TU/LinuxLibertineO(0
)/m/n/10 treffen Kauf bzw. Verkaufsentscheidung auf Basis vorhandener
 []


Underfull \hbox (badness 3375) in paragraph at lines 521--521
 \TU/LinuxLibertineO(0)/m/n/10 betriebswirtschaftlicher- und Kapitalmarktinform
ationen wie z.B. Jahresabschlüsse, Inflation, politi-
 []

[20]
Underfull \hbox (badness 10000) in paragraph at lines 558--561

 []


Overfull \hbox (1.28654pt too wide) in paragraph at lines 562--565
[]\TU/LinuxLibertineO(0)/m/n/12 Sei $\OML/cmm/m/it/12 a[]$ \TU/LinuxLibertineO(
0)/m/n/12 die relative Attraktivität der Fundamental-Strategie gegenüber der Ch
artist-Strategie.
 []

[21]
Overfull \hbox (7.43631pt too wide) in paragraph at lines 575--577
\TU/LinuxLibertineO(0)/m/n/12 Im \TU/LinuxLibertineO(0)/m/it/12 Stan\TU/LinuxLi
bertineO(0)/m/n/12 -Code werden die Paramter entsprechend im [][]\TU/DejaVuSans
Mono(0)/m/n/12 parameter[]\TU/LinuxLibertineO(0)/m/n/12 - bzw. [][]\TU/DejaVuSa
nsMono(0)/m/n/12 transformed parameter[]\TU/LinuxLibertineO(0)/m/n/12 -
 []

[22] [23]
File: images/student_t.png Graphic file (type bmp)
<images/student_t.png>
 [24]
Overfull \hbox (5.76198pt too wide) in paragraph at lines 706--707
[]\TU/LinuxLibertineO(0)/m/n/12 Des Weiteren gilt, dass die Volatilität $\OML/c
mm/m/it/12 ^^[[]$ \TU/LinuxLibertineO(0)/m/n/12 in Formel []3.6[] über den Mark
tanteil der Fundamental-
 []


Underfull \hbox (badness 10000) in paragraph at lines 706--707

 []


Underfull \hbox (badness 10000) in paragraph at lines 719--720

 []

[25]
Underfull \hbox (badness 10000) in paragraph at lines 725--727

 []


Overfull \hbox (1.35435pt too wide) in paragraph at lines 728--729
\TU/LinuxLibertineO(0)/m/n/12 Im \TU/LinuxLibertineO(0)/m/it/12 Stan\TU/LinuxLi
bertineO(0)/m/n/12 -Code []3.2[] ist diese Variante entsprechend im [][]\TU/Dej
aVuSansMono(0)/m/n/12 parameter[]\TU/LinuxLibertineO(0)/m/n/12 - und [][]\TU/De
jaVuSansMono(0)/m/n/12 transformed parameter[]\TU/LinuxLibertineO(0)/m/n/12 -
 []


Underfull \hbox (badness 10000) in paragraph at lines 759--760

 []


Underfull \hbox (badness 10000) in paragraph at lines 761--762

 []

[26] [27]
chapter 4.

Underfull \hbox (badness 10000) in paragraph at lines 775--782

 []

File: ../plots/bank-crisis/AL_walk/01_AL_walk_Jan_low_info_depth-13_delta_9.png
 Graphic file (type bmp)
<../plots/bank-crisis/AL_walk/01_AL_walk_Jan_low_info_depth-13_delta_9.png>
[28

] [29] [30

] [31] [32] [33] [34] [35]
chapter without number

Overfull \hbox (4.66902pt too wide) in paragraph at lines 1109--1109
[]\TU/LinuxLibertineO(0)/m/n/12 N. Bertschinger, I. Mozzhorin und S. Sinha. „  
Reality-check for Econophysics: Likelihood-
 []


Overfull \hbox (13.09203pt too wide) in paragraph at lines 1109--1109
\TU/LinuxLibertineO(0)/m/n/12 based fitting of physics-inspired market models t
o empirical data“. In: \TU/LinuxLibertineO(0)/m/it/12 CoRR \TU/LinuxLibertineO(
0)/m/n/12 abs/1803.03861
 []

[36

]
Overfull \hbox (12.0pt too wide) in paragraph at lines 1117--1127
[]$[]$ 
 []

[37

]
Package atveryend Info: Empty hook `BeforeClearDocument' on input line 1128.
Package atveryend Info: Empty hook `AfterLastShipout' on input line 1128.
 (Bachelorarbeit_E-Fughe.aux)
Package atveryend Info: Empty hook `AtVeryEndDocument' on input line 1128.
Package atveryend Info: Executing hook `AtEndAfterFileList' on input line 1128.

Package rerunfilecheck Info: File `Bachelorarbeit_E-Fughe.out' has not changed.

(rerunfilecheck)             Checksum: D41D8CD98F00B204E9800998ECF8427E.


LaTeX Warning: Label(s) may have changed. Rerun to get cross-references right.

Package logreq Info: Writing requests to 'Bachelorarbeit_E-Fughe.run.xml'.
\openout1 = `Bachelorarbeit_E-Fughe.run.xml'.

 ) 
Here is how much of TeX's memory you used:
 43195 strings out of 427748
 833641 string characters out of 3145877
 1590435 words of memory out of 3000000
 46670 multiletter control sequences out of 15000+200000
 542568 words of font info for 117 fonts, out of 3000000 for 9000
 1330 hyphenation exceptions out of 8191
 64i,11n,118p,9104b,6427s stack positions out of 5000i,500n,10000p,200000b,50000s

Output written on Bachelorarbeit_E-Fughe.pdf (37 pages).
